<?xml version="1.0" encoding="UTF-8" standalone="yes"?>
<testsuites name="AutoHealing" time="98" tests="1" failures="0" errors="0">
    <testsuite name="AutoHealing" tests="1" failures="0" errors="0" time="98" timestamp="2019-11-06 19:05:12" hostname="tringapps - 10.1.0.104" id="Test Suites/AutoHealing/AutoHealing">
        <properties>
            <property name="deviceName" value=""/>
            <property name="devicePlatform" value=""/>
            <property name="logFolder" value="/Users/tringapps/git/Test_Git_01/Reports/20191106_190502/AutoHealing/AutoHealing/20191106_190502"/>
            <property name="logFiles" value="/Users/tringapps/git/Test_Git_01/Reports/20191106_190502/AutoHealing/AutoHealing/20191106_190502/execution0.log"/>
            <property name="attachments" value=""/>
            <property name="hostName" value="tringapps - 10.1.0.104"/>
            <property name="os" value="Mac OS X 64bit"/>
            <property name="katalonVersion" value="6.3.3.11"/>
            <property name="browser" value="Firefox 69.0"/>
            <property name="hostAddress" value="10.1.0.104"/>
            <property name="sessionId" value="49971c84-70f2-7243-bdcd-49289b421d04"/>
            <property name="seleniumVersion" value="3.141.59"/>
            <property name="proxyInformation" value="ProxyInformation{proxyOption=NO_PROXY, proxyServerType=HTTP, password=, proxyServerAddress=, proxyServerPort=0}"/>
            <property name="platform" value="Mac OS X"/>
        </properties>
        <testcase name="Test Cases/Auto Healing/EOL_Global_Footer_TC011" classname="Test Cases/Auto Healing/EOL_Global_Footer_TC011" status="PASSED">
            <system-out>2019-11-06 19:05:13 - [TEST_CASE][PASSED] - Test Cases/Auto Healing/EOL_Global_Footer_TC011: Test Cases/Auto Healing/EOL_Global_Footer_TC011

2019-11-06 19:05:13 - [TEST_STEP][PASSED] - openBrowser(""): Browser is opened with url: ''

2019-11-06 19:05:14 - [MESSAGE][INFO] - Starting 'Firefox' driver

2019-11-06 19:05:14 - [MESSAGE][INFO] - Action delay is set to 0 seconds

2019-11-06 19:05:49 - [MESSAGE][PASSED] - Browser is opened with url: ''

2019-11-06 19:05:49 - [TEST_STEP][PASSED] - maximizeWindow(): Current window maximized

2019-11-06 19:05:49 - [MESSAGE][PASSED] - Current window maximized

2019-11-06 19:05:49 - [TEST_STEP][PASSED] - navigateToUrl("https://www.eonline.com/us"): Navigate to 'https://www.eonline.com/us' successfully

2019-11-06 19:06:06 - [MESSAGE][PASSED] - Navigate to 'https://www.eonline.com/us' successfully

2019-11-06 19:06:06 - [TEST_STEP][PASSED] - click(findTestObject("Object Repository/Footer_OR/Page_Entertainment/Page_Entertainment/a_No Thanks")): Object: 'Object Repository/Footer_OR/Page_Entertainment/Page_Entertainment/a_No Thanks' is clicked on

2019-11-06 19:06:08 - [MESSAGE][PASSED] - Object: 'Object Repository/Footer_OR/Page_Entertainment/Page_Entertainment/a_No Thanks' is clicked on

2019-11-06 19:06:08 - [TEST_STEP][PASSED] - delay(5): Delayed 5 second(s)

2019-11-06 19:06:13 - [MESSAGE][PASSED] - Delayed 5 second(s)

2019-11-06 19:06:13 - [TEST_STEP][PASSED] - verifyElementPresent(findTestObject("Footer_OR/Page_Entertainment/Page_Entertainment/a_Promoted Links_footer__enews-logo footer__enews-logo--us"), 0): Object 'Object Repository/Footer_OR/Page_Entertainment/Page_Entertainment/a_Promoted Links_footer__enews-logo footer__enews-logo--us' is present

2019-11-06 19:06:13 - [MESSAGE][WARNING] - Timeout '0' is invalid. Using default page load timeout: '10'

2019-11-06 19:06:23 - [MESSAGE][INFO] - Unable to find the element located by 'By.xpath: //div[@id='pae']/div[4]/div[3]/a'. Please recheck the objects properties to make sure the desired element is located. 

2019-11-06 19:06:23 - [MESSAGE][INFO] - [SMART_XPATH] Auto-trying out other XPath values in the test object.

2019-11-06 19:06:23 - [MESSAGE][INFO] - [SMART_XPATH] FAILED XPATH: '//div[@id='pae']/div[4]/div[3]/a'.

2019-11-06 19:06:23 - [MESSAGE][INFO] - [SMART_XPATH] FAILED XPATH: '(.//*[normalize-space(text()) and normalize-space(.)='Promoted Links'])[24]/following::a[1]'.

2019-11-06 19:06:24 - [MESSAGE][INFO] - [SMART_XPATH] FAILED XPATH: '(.//*[normalize-space(text()) and normalize-space(.)='Promoted Links'])[23]/following::a[2]'.

2019-11-06 19:06:24 - [MESSAGE][INFO] - [SMART_XPATH] WORKING XPATH: '(.//*[normalize-space(text()) and normalize-space(.)='About Us'])[1]/preceding::a[7]'.

2019-11-06 19:06:28 - [MESSAGE][ERROR] - [SMART_XPATH] Cannot save screenshot to: /Users/tringapps/git/Test_Git_01/Reports/smart_xpath, reason: (y + height) is outside of Raster

2019-11-06 19:06:28 - [MESSAGE][INFO] - [SMART_XPATH] WORKING XPATH: '(.//*[normalize-space(text()) and normalize-space(.)='FAQ'])[1]/preceding::a[8]'.

2019-11-06 19:06:28 - [MESSAGE][ERROR] - [SMART_XPATH] Cannot save screenshot to: /Users/tringapps/git/Test_Git_01/Reports/smart_xpath, reason: (y + height) is outside of Raster

2019-11-06 19:06:28 - [MESSAGE][INFO] - [SMART_XPATH] FAILED XPATH: '(//a[contains(@href, '/')])[435]'.

2019-11-06 19:06:28 - [MESSAGE][INFO] - [SMART_XPATH] WORKING XPATH: '//div[4]/div[3]/a'.

2019-11-06 19:06:28 - [MESSAGE][ERROR] - [SMART_XPATH] Cannot save screenshot to: /Users/tringapps/git/Test_Git_01/Reports/smart_xpath, reason: (y + height) is outside of Raster

2019-11-06 19:06:28 - [MESSAGE][INFO] - [SMART_XPATH] Selected Smart XPath: '(.//*[normalize-space(text()) and normalize-space(.)='About Us'])[1]/preceding::a[7]'.

2019-11-06 19:06:28 - [MESSAGE][INFO] - [SMART_XPATH] Continuing executing the test case!

2019-11-06 19:06:29 - [MESSAGE][PASSED] - Object 'Object Repository/Footer_OR/Page_Entertainment/Page_Entertainment/a_Promoted Links_footer__enews-logo footer__enews-logo--us' is present

2019-11-06 19:06:29 - [TEST_STEP][PASSED] - click(findTestObject("Object Repository/Footer_OR/Page_Entertainment/Page_Entertainment/a_Promoted Links_footer__enews-logo footer__enews-logo--us")): Object: 'Object Repository/Footer_OR/Page_Entertainment/Page_Entertainment/a_Promoted Links_footer__enews-logo footer__enews-logo--us' is clicked on

2019-11-06 19:06:39 - [MESSAGE][INFO] - Unable to find the element located by 'By.xpath: //div[@id='pae']/div[4]/div[3]/a'. Please recheck the objects properties to make sure the desired element is located. 

2019-11-06 19:06:39 - [MESSAGE][INFO] - [SMART_XPATH] Auto-trying out other XPath values in the test object.

2019-11-06 19:06:39 - [MESSAGE][INFO] - [SMART_XPATH] FAILED XPATH: '//div[@id='pae']/div[4]/div[3]/a'.

2019-11-06 19:06:39 - [MESSAGE][INFO] - [SMART_XPATH] FAILED XPATH: '(.//*[normalize-space(text()) and normalize-space(.)='Promoted Links'])[24]/following::a[1]'.

2019-11-06 19:06:39 - [MESSAGE][INFO] - [SMART_XPATH] FAILED XPATH: '(.//*[normalize-space(text()) and normalize-space(.)='Promoted Links'])[23]/following::a[2]'.

2019-11-06 19:06:39 - [MESSAGE][INFO] - [SMART_XPATH] WORKING XPATH: '(.//*[normalize-space(text()) and normalize-space(.)='About Us'])[1]/preceding::a[7]'.

2019-11-06 19:06:39 - [MESSAGE][ERROR] - [SMART_XPATH] Cannot save screenshot to: /Users/tringapps/git/Test_Git_01/Reports/smart_xpath, reason: (y + height) is outside of Raster

2019-11-06 19:06:39 - [MESSAGE][INFO] - [SMART_XPATH] WORKING XPATH: '(.//*[normalize-space(text()) and normalize-space(.)='FAQ'])[1]/preceding::a[8]'.

2019-11-06 19:06:40 - [MESSAGE][ERROR] - [SMART_XPATH] Cannot save screenshot to: /Users/tringapps/git/Test_Git_01/Reports/smart_xpath, reason: (y + height) is outside of Raster

2019-11-06 19:06:40 - [MESSAGE][INFO] - [SMART_XPATH] FAILED XPATH: '(//a[contains(@href, '/')])[435]'.

2019-11-06 19:06:40 - [MESSAGE][INFO] - [SMART_XPATH] WORKING XPATH: '//div[4]/div[3]/a'.

2019-11-06 19:06:40 - [MESSAGE][ERROR] - [SMART_XPATH] Cannot save screenshot to: /Users/tringapps/git/Test_Git_01/Reports/smart_xpath, reason: (y + height) is outside of Raster

2019-11-06 19:06:40 - [MESSAGE][INFO] - [SMART_XPATH] Selected Smart XPath: '(.//*[normalize-space(text()) and normalize-space(.)='About Us'])[1]/preceding::a[7]'.

2019-11-06 19:06:40 - [MESSAGE][INFO] - [SMART_XPATH] Continuing executing the test case!

2019-11-06 19:06:41 - [MESSAGE][PASSED] - Object: 'Object Repository/Footer_OR/Page_Entertainment/Page_Entertainment/a_Promoted Links_footer__enews-logo footer__enews-logo--us' is clicked on

2019-11-06 19:06:41 - [TEST_STEP][PASSED] - delay(5): Delayed 5 second(s)

2019-11-06 19:06:46 - [MESSAGE][PASSED] - Delayed 5 second(s)

2019-11-06 19:06:46 - [TEST_STEP][PASSED] - closeBrowser(): Browser is closed

2019-11-06 19:06:51 - [MESSAGE][PASSED] - Browser is closed</system-out>
            <system-err></system-err>
        </testcase>
        <system-out>2019-11-06 19:05:12 - [TEST_SUITE][INCOMPLETE] - AutoHealing: null</system-out>
        <system-err>2019-11-06 19:05:12 - [TEST_SUITE][INCOMPLETE] - AutoHealing: null</system-err>
    </testsuite>
</testsuites>
